unload PYTHON/3.12.1 (PATH, MANPATH, LD_LIBRARY_PATH, LIBRARY_PATH,
PKG_CONFIG_PATH, C_INCLUDE_PATH, CPLUS_INCLUDE_PATH, PYTHONHOME, PYTHONPATH) 
unload SQLITE3/3.45.2 (PATH)
unload HDF5/1.14.1-2 (PATH, LD_LIBRARY_PATH, LIBRARY_PATH, C_INCLUDE_PATH,
CPLUS_INCLUDE_PATH, HDF5_DIR, HDF5_ROOT,CFLAGS, CPPFLAGS, LDFLAGS) 
unload bsc/1.0 (PATH, MANPATH)
unload UCX/1.15.0 (PATH, LD_LIBRARY_PATH, LIBRARY_PATH, C_INCLUDE_PATH,
CPLUS_INCLUDE_PATH) 
remove mkl/2023.2.0 (LD_LIBRARY_PATH)
remove impi/2021.10.0 (PATH, MANPATH, LD_LIBRARY_PATH)
Set INTEL compilers as MPI wrappers backend
load impi/2021.10.0 (PATH, MANPATH, LD_LIBRARY_PATH)
load mkl/2023.2.0 (LD_LIBRARY_PATH)
load HDF5/1.14.1-2 (PATH, LD_LIBRARY_PATH, LIBRARY_PATH, C_INCLUDE_PATH,
CPLUS_INCLUDE_PATH, HDF5_DIR, HDF5_ROOT,CFLAGS, CPPFLAGS, LDFLAGS) 
load PNETCDF/1.12.3 (PATH, MANPATH, LD_LIBRARY_PATH, LIBRARY_PATH,
PKG_CONFIG_PATH, C_INCLUDE_PATH, CPLUS_INCLUDE_PATH) 
load NETCDF/c-4.9.2_fortran-4.6.1_cxx4-4.3.1_hdf5-1.14.1-2_pnetcdf-1.12.3
(PATH, LD_LIBRARY_PATH, LIBRARY_PATH, PKG_CONFIG_PATH, C_INCLUDE_PATH,
CPLUS_INCLUDE_PATH, NETCDF_ROOT, NETCDF_DIR) 
load BOOST/1.75.0 (PATH, LD_LIBRARY_PATH, LIBRARY_PATH, PKG_CONFIG_PATH,
C_INCLUDE_PATH, CPLUS_INCLUDE_PATH, BOOST_ROOT, BOOST_DIR) 
load UCX/1.15.0 (PATH, LD_LIBRARY_PATH, LIBRARY_PATH, C_INCLUDE_PATH,
CPLUS_INCLUDE_PATH) 
srun: warning: can't honor --ntasks-per-node set to 112 which doesn't match the requested tasks 880 with the number of requested nodes 8. Ignoring --ntasks-per-node.
0
