 
       CNRS - NERC - Met OFFICE - MERCATOR-ocean - CMCC
                              NEMO team
                   Ocean General Circulation Model
                         version 5.0  (2024) 
 
                         Timing Informations 
 
   ======================================================================
 
 
 Timing report:
 --------------
 
 Timing started on 10/09/2025 at 00:54:24 MET +02:00 from GMT
 Timing   ended on 10/09/2025 at 00:54:27 MET +02:00 from GMT
 
   ======================================================================
 
 
 Elapsed Time mesured by timing (s):
 -----------------------------------
 
       avg over all MPI processes = 3.823274s
       min over all MPI processes = 3.752608s
       max over all MPI processes = 4.060086s
              local MPI process   = 3.805937s
 
   ======================================================================
 
 
 Evaluation of the extra coast due to the timing itself (% of avg elapsed):
 --------------------------------------------------------------------------
 
    Number calls to SYSTEM_CLOCK =        40522
    Avg Estimation over 100 tests
       avg over all MPI processes = .000790s (.021%)
       min over all MPI processes = .000405s (.011%)
       max over all MPI processes = .001216s (.032%)
              local MPI process   = .000405s (.011%)
 
   ======================================================================
 
 
 Info: gnuplots statistics and plots
 -----------------------------------
 
         Shell script used to create png plots: timing_gnuplot.sh
         Usage:
            ./timing_gnuplot.sh
            ./timing_gnuplot.sh --png    # save plots in png
            ./timing_gnuplot.sh --help   # see all options
 
 
   ----------------------------------------------------------------------
   ======================================================================
   |          Performance statistics for the ENTIRE simulation          |
   ======================================================================
   ----------------------------------------------------------------------
 
 
   ======================================================================
 
 
 Stats report on the timing of step (in microsecond):
 ----------------------------------------------------
 

* FILE: 
  Records:           100
  Out of range:        0
  Invalid:             0
  Header records:      0
  Blank:               0
  Data Blocks:         1

* COLUMN: 
  Mean:           15534.6300
  Std Dev:         1774.7178
  Sample StdDev:   1783.6585
  Skewness:           4.8141
  Kurtosis:          31.3677
  Avg Dev:          926.7302
  Sum:           1.55346e+06
  Sum Sq.:       2.44474e+10

  Mean Err.:        177.4718
  Std Dev Err.:     125.4915
  Skewness Err.:      0.2449
  Kurtosis Err.:      0.4899

  Minimum:        14624.0000 [ 76]
  Maximum:        28554.0000 [  0]
  Quartile:       14842.5000 
  Median:         14991.5000 
  Quartile:       15462.5000 

 
   ======================================================================
 
 
 Timing : AVG values over all MPI processes:
 -------------------------------------------
 
 Section      | Net elapsed Time      | Full elapsed Time     | Frequency
 -------------|-----------------------|-----------------------|----------
 before step  | 2.206022s ( 57.700 %) | 2.260075s ( 59.114 %) |         1
 lbc_lnk      | 0.629975s ( 16.477 %) | 0.629975s ( 16.477 %) |     10634
 dyn_spg_ts   | 0.089440s (  2.339 %) | 0.402960s ( 10.540 %) |       100
 stp_stg      | 0.080558s (  2.107 %) | 0.641064s ( 16.768 %) |       300
 zdf_phy      | 0.076858s (  2.010 %) | 0.099086s (  2.592 %) |       100
 zdf_nxt      | 0.072530s (  1.897 %) | 0.103732s (  2.713 %) |       100
 tra_ldf      | 0.067793s (  1.773 %) | 0.067793s (  1.773 %) |       100
 ldf_slp      | 0.055527s (  1.452 %) | 0.110849s (  2.899 %) |       100
 rab_3d       | 0.053591s (  1.402 %) | 0.053591s (  1.402 %) |       200
 dyn_vor_3D   | 0.046580s (  1.218 %) | 0.046580s (  1.218 %) |       300
 dyn_zdf      | 0.045645s (  1.194 %) | 0.045645s (  1.194 %) |       100
 eos-pot      | 0.043605s (  1.141 %) | 0.043605s (  1.141 %) |       300
 tra_adv      | 0.043428s (  1.136 %) | 0.043473s (  1.137 %) |       300
 div_hor      | 0.041156s (  1.076 %) | 0.041156s (  1.076 %) |       600
 dyn_ldf      | 0.036908s (  0.965 %) | 0.036908s (  0.965 %) |       200
 tra_adv_trp  | 0.030766s (  0.805 %) | 0.070872s (  1.854 %) |       300
 tra_zdf      | 0.026370s (  0.690 %) | 0.026370s (  0.690 %) |       100
 eos-insitu   | 0.026351s (  0.689 %) | 0.026351s (  0.689 %) |       200
 dyn_hpg      | 0.022978s (  0.601 %) | 0.022978s (  0.601 %) |       300
 global comm  | 0.022100s (  0.578 %) | 0.022100s (  0.578 %) |        19
 wzv          | 0.018630s (  0.487 %) | 0.059786s (  1.564 %) |       600
 nemo_init    | 0.015687s (  0.410 %) | 0.034074s (  0.891 %) |         1
 stp_ctl      | 0.014576s (  0.381 %) | 0.015724s (  0.411 %) |       100
 dyn_zad      | 0.013146s (  0.344 %) | 0.013146s (  0.344 %) |       300
 stp          | 0.010874s (  0.284 %) | 1.562239s ( 40.862 %) |       100
 dyn_keg      | 0.010185s (  0.266 %) | 0.010185s (  0.266 %) |       300
 bn2          | 0.008817s (  0.231 %) | 0.008817s (  0.231 %) |       200
 stp_2D       | 0.004143s (  0.108 %) | 0.490050s ( 12.818 %) |       100
 tra_qsr      | 0.002563s (  0.067 %) | 0.002563s (  0.067 %) |       100
 sbc          | 0.001656s (  0.043 %) | 0.017467s (  0.457 %) |       100
 full code    | 0.000834s (  0.022 %) | 3.823251s (100.000 %) |         1
WARNING: timings below are smaller than the estimation of the timing itself: .000790s
 bbl          | 0.000780s (  0.020 %) | 0.001204s (  0.031 %) |       100
 tra_sbc      | 0.000572s (  0.015 %) | 0.000572s (  0.015 %) |       300
 dia_ar5      | 0.000487s (  0.013 %) | 0.000499s (  0.013 %) |       100
 rab_2d       | 0.000424s (  0.011 %) | 0.000424s (  0.011 %) |       100
 tra_bbl      | 0.000334s (  0.009 %) | 0.000343s (  0.009 %) |       100
 bestpartitio | 0.000275s (  0.007 %) | 0.000275s (  0.007 %) |         1
 tra_bbc      | 0.000199s (  0.005 %) | 0.000205s (  0.005 %) |       100
 dom_hgr      | 0.000195s (  0.005 %) | 0.001559s (  0.041 %) |         1
 dyn_adv      | 0.000176s (  0.005 %) | 0.015421s (  0.403 %) |       200
 eos_pt_from_ | 0.000157s (  0.004 %) | 0.000157s (  0.004 %) |       102
 iom_put      | 0.000127s (  0.003 %) | 0.000127s (  0.003 %) |      2700
 step         | 0.000104s (  0.003 %) | 1.562343s ( 40.864 %) |       100
 day          | 0.000087s (  0.002 %) | 0.000087s (  0.002 %) |       100
 fld_read     | 0.000044s (  0.001 %) | 0.000044s (  0.001 %) |         1
 
   ======================================================================
 
 
 Timing : MAX load unbalance over all MPI processes (max-min) :
 --------------------------------------------------------------
 
 Section      | Net elapsed Time      | Full elapsed Time     | Frequency
 -------------|-----------------------|-----------------------|----------
 lbc_lnk      | 0.829220s ( 39.571 %) | 0.829220s ( 39.571 %) |     10634
 before step  | 0.311307s ( 14.856 %) | 0.307254s ( 14.662 %) |         1
 zdf_nxt      | 0.079456s (  3.792 %) | 0.102879s (  4.909 %) |       100
 stp_stg      | 0.072378s (  3.454 %) | 0.193637s (  9.240 %) |       300
 zdf_phy      | 0.071119s (  3.394 %) | 0.042086s (  2.008 %) |       100
 dyn_spg_ts   | 0.070024s (  3.342 %) | 0.202390s (  9.658 %) |       100
 tra_ldf      | 0.064095s (  3.059 %) | 0.064095s (  3.059 %) |       100
 ldf_slp      | 0.051061s (  2.437 %) | 0.052254s (  2.494 %) |       100
 dyn_zdf      | 0.048001s (  2.291 %) | 0.048001s (  2.291 %) |       100
 dyn_vor_3D   | 0.044466s (  2.122 %) | 0.044466s (  2.122 %) |       300
 rab_3d       | 0.042688s (  2.037 %) | 0.042688s (  2.037 %) |       200
 tra_adv_trp  | 0.041053s (  1.959 %) | 0.073688s (  3.516 %) |       300
 tra_adv      | 0.040082s (  1.913 %) | 0.040084s (  1.913 %) |       300
 div_hor      | 0.038638s (  1.844 %) | 0.038638s (  1.844 %) |       600
 dyn_ldf      | 0.037851s (  1.806 %) | 0.037851s (  1.806 %) |       200
 eos-pot      | 0.036893s (  1.761 %) | 0.036893s (  1.761 %) |       300
 eos-insitu   | 0.027880s (  1.330 %) | 0.027880s (  1.330 %) |       200
 dyn_hpg      | 0.027684s (  1.321 %) | 0.027684s (  1.321 %) |       300
 tra_zdf      | 0.027556s (  1.315 %) | 0.027556s (  1.315 %) |       100
 global comm  | 0.020851s (  0.995 %) | 0.020851s (  0.995 %) |        19
 stp_ctl      | 0.019631s (  0.937 %) | 0.018179s (  0.868 %) |       100
 wzv          | 0.018132s (  0.865 %) | 0.056480s (  2.695 %) |       600
 dyn_zad      | 0.012230s (  0.584 %) | 0.012230s (  0.584 %) |       300
 stp          | 0.010938s (  0.522 %) | 0.009672s (  0.462 %) |       100
 nemo_init    | 0.010338s (  0.493 %) | 0.001165s (  0.056 %) |         1
 full code    | 0.009739s (  0.465 %) | 0.307448s ( 14.672 %) |         1
 dyn_keg      | 0.009072s (  0.433 %) | 0.009072s (  0.433 %) |       300
 bn2          | 0.008148s (  0.389 %) | 0.008148s (  0.389 %) |       200
 stp_2D       | 0.003885s (  0.185 %) | 0.129496s (  6.180 %) |       100
 tra_qsr      | 0.002956s (  0.141 %) | 0.002956s (  0.141 %) |       100
 sbc          | 0.001811s (  0.086 %) | 0.090830s (  4.334 %) |       100
 bbl          | 0.000865s (  0.041 %) | 0.001185s (  0.057 %) |       100
 tra_sbc      | 0.000795s (  0.038 %) | 0.000795s (  0.038 %) |       300
 dia_ar5      | 0.000788s (  0.038 %) | 0.000793s (  0.038 %) |       100
 bestpartitio | 0.000758s (  0.036 %) | 0.000758s (  0.036 %) |         1
 step         | 0.000754s (  0.036 %) | 0.009650s (  0.461 %) |       100
 rab_2d       | 0.000545s (  0.026 %) | 0.000545s (  0.026 %) |       100
 dom_hgr      | 0.000444s (  0.021 %) | 0.002736s (  0.131 %) |         1
 tra_bbl      | 0.000299s (  0.014 %) | 0.000300s (  0.014 %) |       100
 fld_read     | 0.000262s (  0.013 %) | 0.000262s (  0.013 %) |         1
 tra_bbc      | 0.000258s (  0.012 %) | 0.000255s (  0.012 %) |       100
 day          | 0.000210s (  0.010 %) | 0.000210s (  0.010 %) |       100
 eos_pt_from_ | 0.000162s (  0.008 %) | 0.000162s (  0.008 %) |       102
 dyn_adv      | 0.000127s (  0.006 %) | 0.013820s (  0.659 %) |       200
 iom_put      | 0.000087s (  0.004 %) | 0.000087s (  0.004 %) |      2700
 
   ======================================================================
 
 
 Timing : MIN values over all MPI processes:
 -------------------------------------------
 
 Section      | Net elapsed Time      | Full elapsed Time     | Frequency
 -------------|-----------------------|-----------------------|----------
 before step  | 2.134255s ( 55.823 %) | 2.189633s ( 57.271 %) |         1
 lbc_lnk      | 0.518901s ( 13.572 %) | 0.518901s ( 13.572 %) |     10634
 dyn_spg_ts   | 0.026453s (  0.692 %) | 0.353097s (  9.236 %) |       100
 stp_stg      | 0.019756s (  0.517 %) | 0.491737s ( 12.862 %) |       300
 rab_3d       | 0.017399s (  0.455 %) | 0.017399s (  0.455 %) |       200
 zdf_phy      | 0.015622s (  0.409 %) | 0.090684s (  2.372 %) |       100
 ldf_slp      | 0.015253s (  0.399 %) | 0.093895s (  2.456 %) |       100
 tra_ldf      | 0.014787s (  0.387 %) | 0.014787s (  0.387 %) |       100
 eos-pot      | 0.014086s (  0.368 %) | 0.014086s (  0.368 %) |       300
 zdf_nxt      | 0.011745s (  0.307 %) | 0.021237s (  0.555 %) |       100
 nemo_init    | 0.011612s (  0.304 %) | 0.033554s (  0.878 %) |         1
 dyn_vor_3D   | 0.009589s (  0.251 %) | 0.009589s (  0.251 %) |       300
 div_hor      | 0.009438s (  0.247 %) | 0.009438s (  0.247 %) |       600
 tra_adv      | 0.009349s (  0.245 %) | 0.009387s (  0.246 %) |       300
 eos-insitu   | 0.008710s (  0.228 %) | 0.008710s (  0.228 %) |       200
 dyn_ldf      | 0.007000s (  0.183 %) | 0.007000s (  0.183 %) |       200
 dyn_zdf      | 0.006832s (  0.179 %) | 0.006832s (  0.179 %) |       100
 tra_adv_trp  | 0.006293s (  0.165 %) | 0.016272s (  0.426 %) |       300
 global comm  | 0.006039s (  0.158 %) | 0.006039s (  0.158 %) |        19
 tra_zdf      | 0.004279s (  0.112 %) | 0.004279s (  0.112 %) |       100
 wzv          | 0.004130s (  0.108 %) | 0.013633s (  0.357 %) |       600
 dyn_hpg      | 0.003667s (  0.096 %) | 0.003667s (  0.096 %) |       300
 stp_ctl      | 0.003585s (  0.094 %) | 0.005835s (  0.153 %) |       100
 dyn_zad      | 0.002677s (  0.070 %) | 0.002677s (  0.070 %) |       300
 bn2          | 0.002633s (  0.069 %) | 0.002633s (  0.069 %) |       200
 dyn_keg      | 0.002539s (  0.066 %) | 0.002539s (  0.066 %) |       300
 stp          | 0.002425s (  0.063 %) | 1.553406s ( 40.630 %) |       100
 stp_2D       | 0.001582s (  0.041 %) | 0.449315s ( 11.752 %) |       100
 tra_qsr      | 0.000840s (  0.022 %) | 0.000840s (  0.022 %) |       100
 sbc          | 0.000802s (  0.021 %) | 0.005540s (  0.145 %) |       100
WARNING: timings below are smaller than the estimation of the timing itself: .000790s
 bbl          | 0.000302s (  0.008 %) | 0.000521s (  0.014 %) |       100
 full code    | 0.000285s (  0.007 %) | 3.752602s ( 98.152 %) |         1
 dia_ar5      | 0.000225s (  0.006 %) | 0.000237s (  0.006 %) |       100
 tra_bbl      | 0.000216s (  0.006 %) | 0.000227s (  0.006 %) |       100
 tra_sbc      | 0.000175s (  0.005 %) | 0.000175s (  0.005 %) |       300
 rab_2d       | 0.000172s (  0.004 %) | 0.000172s (  0.004 %) |       100
 dyn_adv      | 0.000112s (  0.003 %) | 0.003464s (  0.091 %) |       200
 tra_bbc      | 0.000087s (  0.002 %) | 0.000094s (  0.002 %) |       100
 eos_pt_from_ | 0.000087s (  0.002 %) | 0.000087s (  0.002 %) |       102
 iom_put      | 0.000081s (  0.002 %) | 0.000081s (  0.002 %) |      2700
 day          | 0.000047s (  0.001 %) | 0.000047s (  0.001 %) |       100
 dom_hgr      | 0.000044s (  0.001 %) | 0.000167s (  0.004 %) |         1
 bestpartitio | 0.000039s (  0.001 %) | 0.000039s (  0.001 %) |         1
 step         | 0.000030s (  0.001 %) | 1.553463s ( 40.632 %) |       100
 fld_read     | 0.000005s (  0.000 %) | 0.000005s (  0.000 %) |         1
 
   ======================================================================
 
 
 Timing : MAX values over all MPI processes:
 -------------------------------------------
 
 Section      | Net elapsed Time      | Full elapsed Time     | Frequency
 -------------|-----------------------|-----------------------|----------
 before step  | 2.445562s ( 63.966 %) | 2.496887s ( 65.308 %) |         1
 lbc_lnk      | 1.348121s ( 35.261 %) | 1.348121s ( 35.261 %) |     10634
 dyn_spg_ts   | 0.096477s (  2.523 %) | 0.555487s ( 14.529 %) |       100
 stp_stg      | 0.092134s (  2.410 %) | 0.685374s ( 17.926 %) |       300
 zdf_nxt      | 0.091201s (  2.385 %) | 0.124116s (  3.246 %) |       100
 zdf_phy      | 0.086741s (  2.269 %) | 0.132770s (  3.473 %) |       100
 tra_ldf      | 0.078882s (  2.063 %) | 0.078882s (  2.063 %) |       100
 ldf_slp      | 0.066314s (  1.734 %) | 0.146149s (  3.823 %) |       100
 rab_3d       | 0.060087s (  1.572 %) | 0.060087s (  1.572 %) |       200
 dyn_zdf      | 0.054833s (  1.434 %) | 0.054833s (  1.434 %) |       100
 dyn_vor_3D   | 0.054055s (  1.414 %) | 0.054055s (  1.414 %) |       300
 eos-pot      | 0.050979s (  1.333 %) | 0.050979s (  1.333 %) |       300
 tra_adv      | 0.049431s (  1.293 %) | 0.049471s (  1.294 %) |       300
 div_hor      | 0.048076s (  1.257 %) | 0.048076s (  1.257 %) |       600
 tra_adv_trp  | 0.047346s (  1.238 %) | 0.089960s (  2.353 %) |       300
 dyn_ldf      | 0.044851s (  1.173 %) | 0.044851s (  1.173 %) |       200
 eos-insitu   | 0.036590s (  0.957 %) | 0.036590s (  0.957 %) |       200
 tra_zdf      | 0.031835s (  0.833 %) | 0.031835s (  0.833 %) |       100
 dyn_hpg      | 0.031351s (  0.820 %) | 0.031351s (  0.820 %) |       300
 global comm  | 0.026890s (  0.703 %) | 0.026890s (  0.703 %) |        19
 stp_ctl      | 0.023216s (  0.607 %) | 0.024014s (  0.628 %) |       100
 wzv          | 0.022262s (  0.582 %) | 0.070113s (  1.834 %) |       600
 nemo_init    | 0.021950s (  0.574 %) | 0.034719s (  0.908 %) |         1
 dyn_zad      | 0.014907s (  0.390 %) | 0.014907s (  0.390 %) |       300
 stp          | 0.013363s (  0.350 %) | 1.563078s ( 40.883 %) |       100
 dyn_keg      | 0.011611s (  0.304 %) | 0.011611s (  0.304 %) |       300
 bn2          | 0.010781s (  0.282 %) | 0.010781s (  0.282 %) |       200
 full code    | 0.010024s (  0.262 %) | 4.060050s (106.194 %) |         1
 stp_2D       | 0.005467s (  0.143 %) | 0.578811s ( 15.139 %) |       100
 tra_qsr      | 0.003796s (  0.099 %) | 0.003796s (  0.099 %) |       100
 sbc          | 0.002613s (  0.068 %) | 0.096370s (  2.521 %) |       100
 bbl          | 0.001167s (  0.031 %) | 0.001706s (  0.045 %) |       100
 dia_ar5      | 0.001013s (  0.026 %) | 0.001030s (  0.027 %) |       100
 tra_sbc      | 0.000970s (  0.025 %) | 0.000970s (  0.025 %) |       300
 bestpartitio | 0.000797s (  0.021 %) | 0.000797s (  0.021 %) |         1
WARNING: timings below are smaller than the estimation of the timing itself: .000790s
 step         | 0.000784s (  0.021 %) | 1.563113s ( 40.884 %) |       100
 rab_2d       | 0.000717s (  0.019 %) | 0.000717s (  0.019 %) |       100
 tra_bbl      | 0.000515s (  0.013 %) | 0.000527s (  0.014 %) |       100
 dom_hgr      | 0.000488s (  0.013 %) | 0.002903s (  0.076 %) |         1
 tra_bbc      | 0.000345s (  0.009 %) | 0.000349s (  0.009 %) |       100
 fld_read     | 0.000267s (  0.007 %) | 0.000267s (  0.007 %) |         1
 day          | 0.000257s (  0.007 %) | 0.000257s (  0.007 %) |       100
 eos_pt_from_ | 0.000249s (  0.007 %) | 0.000249s (  0.007 %) |       102
 dyn_adv      | 0.000239s (  0.006 %) | 0.017284s (  0.452 %) |       200
 iom_put      | 0.000168s (  0.004 %) | 0.000168s (  0.004 %) |      2700
 
   ======================================================================
 
 
 Timing : values for local MPI process:
 --------------------------------------
 
 Section      | Net elapsed Time      | Full elapsed Time     | Frequency
 -------------|-----------------------|-----------------------|----------
 before step  | 2.202856s ( 57.880 %) | 2.242447s ( 58.920 %) |         1
 lbc_lnk      | 0.518901s ( 13.634 %) | 0.518901s ( 13.634 %) |     10634
 dyn_spg_ts   | 0.093578s (  2.459 %) | 0.388783s ( 10.215 %) |       100
 zdf_nxt      | 0.090011s (  2.365 %) | 0.122154s (  3.210 %) |       100
 stp_stg      | 0.086130s (  2.263 %) | 0.651460s ( 17.117 %) |       300
 zdf_phy      | 0.079395s (  2.086 %) | 0.092417s (  2.428 %) |       100
 tra_ldf      | 0.076035s (  1.998 %) | 0.076035s (  1.998 %) |       100
 ldf_slp      | 0.057066s (  1.499 %) | 0.102496s (  2.693 %) |       100
 rab_3d       | 0.055491s (  1.458 %) | 0.055491s (  1.458 %) |       200
 dyn_vor_3D   | 0.051749s (  1.360 %) | 0.051749s (  1.360 %) |       300
 dyn_zdf      | 0.049241s (  1.294 %) | 0.049241s (  1.294 %) |       100
 eos-pot      | 0.047338s (  1.244 %) | 0.047338s (  1.244 %) |       300
 tra_adv      | 0.046842s (  1.231 %) | 0.046891s (  1.232 %) |       300
 tra_adv_trp  | 0.044803s (  1.177 %) | 0.089211s (  2.344 %) |       300
 div_hor      | 0.044619s (  1.172 %) | 0.044619s (  1.172 %) |       600
 dyn_ldf      | 0.042353s (  1.113 %) | 0.042353s (  1.113 %) |       200
 tra_zdf      | 0.028880s (  0.759 %) | 0.028880s (  0.759 %) |       100
 eos-insitu   | 0.026812s (  0.704 %) | 0.026812s (  0.704 %) |       200
 dyn_hpg      | 0.025648s (  0.674 %) | 0.025648s (  0.674 %) |       300
 stp_ctl      | 0.023216s (  0.610 %) | 0.024014s (  0.631 %) |       100
 nemo_init    | 0.021950s (  0.577 %) | 0.034284s (  0.901 %) |         1
 wzv          | 0.019633s (  0.516 %) | 0.064252s (  1.688 %) |       600
 dyn_zad      | 0.013791s (  0.362 %) | 0.013791s (  0.362 %) |       300
 stp          | 0.011820s (  0.311 %) | 1.553406s ( 40.815 %) |       100
 dyn_keg      | 0.010789s (  0.283 %) | 0.010789s (  0.283 %) |       300
 full code    | 0.010024s (  0.263 %) | 3.805934s (100.000 %) |         1
 bn2          | 0.009017s (  0.237 %) | 0.009017s (  0.237 %) |       200
 global comm  | 0.006039s (  0.159 %) | 0.006039s (  0.159 %) |        19
 stp_2D       | 0.004139s (  0.109 %) | 0.484172s ( 12.722 %) |       100
 tra_qsr      | 0.002576s (  0.068 %) | 0.002576s (  0.068 %) |       100
 sbc          | 0.001306s (  0.034 %) | 0.006852s (  0.180 %) |       100
 bbl          | 0.000828s (  0.022 %) | 0.001266s (  0.033 %) |       100
WARNING: timings below are smaller than the estimation of the timing itself: .000790s
 tra_sbc      | 0.000577s (  0.015 %) | 0.000577s (  0.015 %) |       300
 rab_2d       | 0.000438s (  0.012 %) | 0.000438s (  0.012 %) |       100
 dia_ar5      | 0.000362s (  0.010 %) | 0.000371s (  0.010 %) |       100
 tra_bbl      | 0.000301s (  0.008 %) | 0.000311s (  0.008 %) |       100
 dom_hgr      | 0.000298s (  0.008 %) | 0.000397s (  0.010 %) |         1
 day          | 0.000257s (  0.007 %) | 0.000257s (  0.007 %) |       100
 tra_bbc      | 0.000233s (  0.006 %) | 0.000236s (  0.006 %) |       100
 dyn_adv      | 0.000180s (  0.005 %) | 0.016314s (  0.429 %) |       200
 eos_pt_from_ | 0.000175s (  0.005 %) | 0.000175s (  0.005 %) |       102
 iom_put      | 0.000123s (  0.003 %) | 0.000123s (  0.003 %) |      2700
 step         | 0.000057s (  0.001 %) | 1.553463s ( 40.817 %) |       100
 bestpartitio | 0.000039s (  0.001 %) | 0.000039s (  0.001 %) |         1
 fld_read     | 0.000018s (  0.000 %) | 0.000018s (  0.000 %) |         1
 
 
   ----------------------------------------------------------------------
   ======================================================================
   |          Performance statistics between time step 7 and 96         |
   ======================================================================
   ----------------------------------------------------------------------
 
  
            Model speed (SYPD) : 969.20
  
 
   ======================================================================
 
 
 Stats report on the timing of step (in microsecond):
 ----------------------------------------------------
 

* FILE: 
  Records:           90
  Out of range:       0
  Invalid:            0
  Header records:     0
  Blank:              0
  Data Blocks:        1

* COLUMN: 
  Mean:           15261.5222
  Std Dev:          979.8034
  Sample StdDev:    985.2925
  Skewness:           3.9412
  Kurtosis:          20.3688
  Avg Dev:          554.8684
  Sum:           1.37354e+06
  Sum Sq.:       2.10487e+10

  Mean Err.:        103.2803
  Std Dev Err.:      73.0302
  Skewness Err.:      0.2582
  Kurtosis Err.:      0.5164

  Minimum:        14624.0000 [70]
  Maximum:        20626.0000 [ 4]
  Quartile:       14836.0000 
  Median:         14975.5000 
  Quartile:       15151.0000 

 
   ======================================================================
 
 
 Timing : AVG values over all MPI processes:
 -------------------------------------------
 
 Section      | Net elapsed Time      | Full elapsed Time     | Frequency
 -------------|-----------------------|-----------------------|----------
 lbc_lnk      | 0.526332s ( 38.324 %) | 0.526332s ( 38.324 %) |      9540
 dyn_spg_ts   | 0.079418s (  5.783 %) | 0.340822s ( 24.816 %) |        90
 stp_stg      | 0.072044s (  5.246 %) | 0.572548s ( 41.689 %) |       270
 zdf_phy      | 0.068879s (  5.015 %) | 0.088450s (  6.440 %) |        90
 zdf_nxt      | 0.065222s (  4.749 %) | 0.093316s (  6.795 %) |        90
 tra_ldf      | 0.060761s (  4.424 %) | 0.060761s (  4.424 %) |        90
 ldf_slp      | 0.049734s (  3.621 %) | 0.098566s (  7.177 %) |        90
 rab_3d       | 0.048190s (  3.509 %) | 0.048190s (  3.509 %) |       180
 dyn_vor_3D   | 0.041898s (  3.051 %) | 0.041898s (  3.051 %) |       270
 dyn_zdf      | 0.040663s (  2.961 %) | 0.040663s (  2.961 %) |        90
 eos-pot      | 0.039252s (  2.858 %) | 0.039252s (  2.858 %) |       270
 tra_adv      | 0.038913s (  2.833 %) | 0.038953s (  2.836 %) |       270
 div_hor      | 0.036859s (  2.684 %) | 0.036859s (  2.684 %) |       540
 dyn_ldf      | 0.033301s (  2.425 %) | 0.033301s (  2.425 %) |       180
 tra_adv_trp  | 0.027567s (  2.007 %) | 0.063622s (  4.633 %) |       270
 eos-insitu   | 0.023652s (  1.722 %) | 0.023652s (  1.722 %) |       180
 tra_zdf      | 0.023589s (  1.718 %) | 0.023589s (  1.718 %) |        90
 dyn_hpg      | 0.020731s (  1.509 %) | 0.020731s (  1.509 %) |       270
 wzv          | 0.016655s (  1.213 %) | 0.053514s (  3.897 %) |       540
 stp_ctl      | 0.012734s (  0.927 %) | 0.012734s (  0.927 %) |        90
 dyn_zad      | 0.011678s (  0.850 %) | 0.011678s (  0.850 %) |       270
 stp          | 0.009093s (  0.662 %) | 1.373331s ( 99.997 %) |        90
 dyn_keg      | 0.009091s (  0.662 %) | 0.009091s (  0.662 %) |       270
 bn2          | 0.007883s (  0.574 %) | 0.007883s (  0.574 %) |       180
 stp_2D       | 0.003314s (  0.241 %) | 0.418450s ( 30.469 %) |        90
 tra_qsr      | 0.002142s (  0.156 %) | 0.002142s (  0.156 %) |        90
 sbc          | 0.001132s (  0.082 %) | 0.014873s (  1.083 %) |        90
WARNING: timings below are smaller than the estimation of the timing itself: .000790s
 bbl          | 0.000659s (  0.048 %) | 0.000991s (  0.072 %) |        90
 tra_sbc      | 0.000401s (  0.029 %) | 0.000401s (  0.029 %) |       270
 rab_2d       | 0.000332s (  0.024 %) | 0.000332s (  0.024 %) |        90
 dia_ar5      | 0.000306s (  0.022 %) | 0.000316s (  0.023 %) |        90
 tra_bbl      | 0.000262s (  0.019 %) | 0.000270s (  0.020 %) |        90
 tra_bbc      | 0.000168s (  0.012 %) | 0.000173s (  0.013 %) |        90
 dyn_adv      | 0.000157s (  0.011 %) | 0.013874s (  1.010 %) |       180
 eos_pt_from_ | 0.000134s (  0.010 %) | 0.000134s (  0.010 %) |        90
 iom_put      | 0.000114s (  0.008 %) | 0.000114s (  0.008 %) |      2430
 day          | 0.000071s (  0.005 %) | 0.000071s (  0.005 %) |        90
 step         | 0.000044s (  0.003 %) | 1.373375s (100.000 %) |        90
 
   ======================================================================
 
 
 Timing : MAX load unbalance over all MPI processes (max-min) :
 --------------------------------------------------------------
 
 Section      | Net elapsed Time      | Full elapsed Time     | Frequency
 -------------|-----------------------|-----------------------|----------
 lbc_lnk      | 0.738180s ( 47.381 %) | 0.738180s ( 47.381 %) |      9540
 zdf_nxt      | 0.071320s (  4.578 %) | 0.092453s (  5.934 %) |        90
 stp_stg      | 0.065281s (  4.190 %) | 0.172794s ( 11.091 %) |       270
 zdf_phy      | 0.063964s (  4.106 %) | 0.038346s (  2.461 %) |        90
 dyn_spg_ts   | 0.063848s (  4.098 %) | 0.182995s ( 11.746 %) |        90
 tra_ldf      | 0.057888s (  3.716 %) | 0.057888s (  3.716 %) |        90
 ldf_slp      | 0.045924s (  2.948 %) | 0.047118s (  3.024 %) |        90
 dyn_zdf      | 0.042741s (  2.743 %) | 0.042741s (  2.743 %) |        90
 dyn_vor_3D   | 0.040150s (  2.577 %) | 0.040150s (  2.577 %) |       270
 rab_3d       | 0.038590s (  2.477 %) | 0.038590s (  2.477 %) |       180
 tra_adv_trp  | 0.037125s (  2.383 %) | 0.066504s (  4.269 %) |       270
 tra_adv      | 0.036047s (  2.314 %) | 0.036045s (  2.314 %) |       270
 div_hor      | 0.035080s (  2.252 %) | 0.035080s (  2.252 %) |       540
 dyn_ldf      | 0.034559s (  2.218 %) | 0.034559s (  2.218 %) |       180
 eos-pot      | 0.033213s (  2.132 %) | 0.033213s (  2.132 %) |       270
 dyn_hpg      | 0.025318s (  1.625 %) | 0.025318s (  1.625 %) |       270
 eos-insitu   | 0.025142s (  1.614 %) | 0.025142s (  1.614 %) |       180
 tra_zdf      | 0.024953s (  1.602 %) | 0.024953s (  1.602 %) |        90
 stp_ctl      | 0.016773s (  1.077 %) | 0.016773s (  1.077 %) |        90
 wzv          | 0.016365s (  1.050 %) | 0.050847s (  3.264 %) |       540
 dyn_zad      | 0.011002s (  0.706 %) | 0.011002s (  0.706 %) |       270
 stp          | 0.009565s (  0.614 %) | 0.000908s (  0.058 %) |        90
 dyn_keg      | 0.008156s (  0.524 %) | 0.008156s (  0.524 %) |       270
 bn2          | 0.007231s (  0.464 %) | 0.007231s (  0.464 %) |       180
 stp_2D       | 0.002950s (  0.189 %) | 0.117477s (  7.540 %) |        90
 tra_qsr      | 0.002666s (  0.171 %) | 0.002666s (  0.171 %) |        90
 sbc          | 0.000959s (  0.062 %) | 0.084153s (  5.402 %) |        90
 bbl          | 0.000741s (  0.048 %) | 0.001038s (  0.067 %) |        90
 rab_2d       | 0.000485s (  0.031 %) | 0.000485s (  0.031 %) |        90
 tra_sbc      | 0.000461s (  0.030 %) | 0.000461s (  0.030 %) |       270
 tra_bbl      | 0.000312s (  0.020 %) | 0.000319s (  0.020 %) |        90
 tra_bbc      | 0.000220s (  0.014 %) | 0.000219s (  0.014 %) |        90
 dia_ar5      | 0.000207s (  0.013 %) | 0.000208s (  0.013 %) |        90
 day          | 0.000169s (  0.011 %) | 0.000169s (  0.011 %) |        90
 dyn_adv      | 0.000119s (  0.008 %) | 0.012447s (  0.799 %) |       180
 eos_pt_from_ | 0.000118s (  0.008 %) | 0.000118s (  0.008 %) |        90
 iom_put      | 0.000074s (  0.005 %) | 0.000074s (  0.005 %) |      2430
 step         | 0.000055s (  0.004 %) | 0.000904s (  0.058 %) |        90
 
   ======================================================================
 
 
 Timing : MIN values over all MPI processes:
 -------------------------------------------
 
 Section      | Net elapsed Time      | Full elapsed Time     | Frequency
 -------------|-----------------------|-----------------------|----------
 lbc_lnk      | 0.435524s ( 31.712 %) | 0.435524s ( 31.712 %) |      9540
 dyn_spg_ts   | 0.021923s (  1.596 %) | 0.294511s ( 21.444 %) |        90
 stp_stg      | 0.017288s (  1.259 %) | 0.439555s ( 32.005 %) |       270
 rab_3d       | 0.015540s (  1.132 %) | 0.015540s (  1.132 %) |       180
 zdf_phy      | 0.013688s (  0.997 %) | 0.081173s (  5.910 %) |        90
 ldf_slp      | 0.013507s (  0.983 %) | 0.084101s (  6.124 %) |        90
 tra_ldf      | 0.012805s (  0.932 %) | 0.012805s (  0.932 %) |        90
 eos-pot      | 0.012649s (  0.921 %) | 0.012649s (  0.921 %) |       270
 zdf_nxt      | 0.010506s (  0.765 %) | 0.019042s (  1.387 %) |        90
 dyn_vor_3D   | 0.008505s (  0.619 %) | 0.008505s (  0.619 %) |       270
 div_hor      | 0.008301s (  0.604 %) | 0.008301s (  0.604 %) |       540
 tra_adv      | 0.008209s (  0.598 %) | 0.008247s (  0.600 %) |       270
 eos-insitu   | 0.007798s (  0.568 %) | 0.007798s (  0.568 %) |       180
 dyn_ldf      | 0.006247s (  0.455 %) | 0.006247s (  0.455 %) |       180
 dyn_zdf      | 0.006029s (  0.439 %) | 0.006029s (  0.439 %) |        90
 tra_adv_trp  | 0.005498s (  0.400 %) | 0.014471s (  1.054 %) |       270
 tra_zdf      | 0.003772s (  0.275 %) | 0.003772s (  0.275 %) |        90
 wzv          | 0.003644s (  0.265 %) | 0.012167s (  0.886 %) |       540
 dyn_hpg      | 0.003221s (  0.235 %) | 0.003221s (  0.235 %) |       270
 stp_ctl      | 0.002991s (  0.218 %) | 0.002991s (  0.218 %) |        90
 bn2          | 0.002340s (  0.170 %) | 0.002340s (  0.170 %) |       180
 dyn_zad      | 0.002322s (  0.169 %) | 0.002322s (  0.169 %) |       270
 dyn_keg      | 0.002239s (  0.163 %) | 0.002239s (  0.163 %) |       270
 stp          | 0.001721s (  0.125 %) | 1.372869s ( 99.963 %) |        90
 stp_2D       | 0.001097s (  0.080 %) | 0.379974s ( 27.667 %) |        90
WARNING: timings below are smaller than the estimation of the timing itself: .000790s
 tra_qsr      | 0.000590s (  0.043 %) | 0.000590s (  0.043 %) |        90
 sbc          | 0.000529s (  0.039 %) | 0.004000s (  0.291 %) |        90
 bbl          | 0.000245s (  0.018 %) | 0.000403s (  0.029 %) |        90
 dia_ar5      | 0.000178s (  0.013 %) | 0.000189s (  0.014 %) |        90
 rab_2d       | 0.000127s (  0.009 %) | 0.000127s (  0.009 %) |        90
 tra_sbc      | 0.000121s (  0.009 %) | 0.000121s (  0.009 %) |       270
 tra_bbl      | 0.000103s (  0.007 %) | 0.000107s (  0.008 %) |        90
 dyn_adv      | 0.000101s (  0.007 %) | 0.003115s (  0.227 %) |       180
 eos_pt_from_ | 0.000076s (  0.006 %) | 0.000076s (  0.006 %) |        90
 iom_put      | 0.000074s (  0.005 %) | 0.000074s (  0.005 %) |      2430
 tra_bbc      | 0.000071s (  0.005 %) | 0.000076s (  0.006 %) |        90
 day          | 0.000035s (  0.003 %) | 0.000035s (  0.003 %) |        90
 step         | 0.000023s (  0.002 %) | 1.372910s ( 99.966 %) |        90
 
   ======================================================================
 
 
 Timing : MAX values over all MPI processes:
 -------------------------------------------
 
 Section      | Net elapsed Time      | Full elapsed Time     | Frequency
 -------------|-----------------------|-----------------------|----------
 lbc_lnk      | 1.173704s ( 85.461 %) | 1.173704s ( 85.461 %) |      9540
 dyn_spg_ts   | 0.085771s (  6.245 %) | 0.477506s ( 34.769 %) |        90
 stp_stg      | 0.082569s (  6.012 %) | 0.612349s ( 44.587 %) |       270
 zdf_nxt      | 0.081826s (  5.958 %) | 0.111495s (  8.118 %) |        90
 zdf_phy      | 0.077652s (  5.654 %) | 0.119519s (  8.703 %) |        90
 tra_ldf      | 0.070693s (  5.147 %) | 0.070693s (  5.147 %) |        90
 ldf_slp      | 0.059431s (  4.327 %) | 0.131219s (  9.554 %) |        90
 rab_3d       | 0.054130s (  3.941 %) | 0.054130s (  3.941 %) |       180
 dyn_zdf      | 0.048770s (  3.551 %) | 0.048770s (  3.551 %) |        90
 dyn_vor_3D   | 0.048655s (  3.543 %) | 0.048655s (  3.543 %) |       270
 eos-pot      | 0.045862s (  3.339 %) | 0.045862s (  3.339 %) |       270
 tra_adv      | 0.044256s (  3.222 %) | 0.044292s (  3.225 %) |       270
 div_hor      | 0.043381s (  3.159 %) | 0.043381s (  3.159 %) |       540
 tra_adv_trp  | 0.042623s (  3.104 %) | 0.080975s (  5.896 %) |       270
 dyn_ldf      | 0.040806s (  2.971 %) | 0.040806s (  2.971 %) |       180
 eos-insitu   | 0.032940s (  2.398 %) | 0.032940s (  2.398 %) |       180
 tra_zdf      | 0.028725s (  2.092 %) | 0.028725s (  2.092 %) |        90
 dyn_hpg      | 0.028539s (  2.078 %) | 0.028539s (  2.078 %) |       270
 wzv          | 0.020009s (  1.457 %) | 0.063014s (  4.588 %) |       540
 stp_ctl      | 0.019764s (  1.439 %) | 0.019764s (  1.439 %) |        90
 dyn_zad      | 0.013324s (  0.970 %) | 0.013324s (  0.970 %) |       270
 stp          | 0.011286s (  0.822 %) | 1.373777s (100.029 %) |        90
 dyn_keg      | 0.010395s (  0.757 %) | 0.010395s (  0.757 %) |       270
 bn2          | 0.009571s (  0.697 %) | 0.009571s (  0.697 %) |       180
 stp_2D       | 0.004047s (  0.295 %) | 0.497451s ( 36.221 %) |        90
 tra_qsr      | 0.003256s (  0.237 %) | 0.003256s (  0.237 %) |        90
 sbc          | 0.001488s (  0.108 %) | 0.088153s (  6.419 %) |        90
 bbl          | 0.000986s (  0.072 %) | 0.001441s (  0.105 %) |        90
WARNING: timings below are smaller than the estimation of the timing itself: .000790s
 rab_2d       | 0.000612s (  0.045 %) | 0.000612s (  0.045 %) |        90
 tra_sbc      | 0.000582s (  0.042 %) | 0.000582s (  0.042 %) |       270
 tra_bbl      | 0.000415s (  0.030 %) | 0.000426s (  0.031 %) |        90
 dia_ar5      | 0.000385s (  0.028 %) | 0.000397s (  0.029 %) |        90
 tra_bbc      | 0.000291s (  0.021 %) | 0.000295s (  0.021 %) |        90
 dyn_adv      | 0.000220s (  0.016 %) | 0.015562s (  1.133 %) |       180
 day          | 0.000204s (  0.015 %) | 0.000204s (  0.015 %) |        90
 eos_pt_from_ | 0.000194s (  0.014 %) | 0.000194s (  0.014 %) |        90
 iom_put      | 0.000148s (  0.011 %) | 0.000148s (  0.011 %) |      2430
 step         | 0.000078s (  0.006 %) | 1.373814s (100.032 %) |        90
 
   ======================================================================
 
 
 Timing : values for local MPI process:
 --------------------------------------
 
 Section      | Net elapsed Time      | Full elapsed Time     | Frequency
 -------------|-----------------------|-----------------------|----------
 lbc_lnk      | 0.436191s ( 31.757 %) | 0.436191s ( 31.757 %) |      9540
 dyn_spg_ts   | 0.083639s (  6.089 %) | 0.331821s ( 24.158 %) |        90
 zdf_nxt      | 0.080807s (  5.883 %) | 0.109560s (  7.976 %) |        90
 stp_stg      | 0.076909s (  5.599 %) | 0.583555s ( 42.486 %) |       270
 zdf_phy      | 0.071391s (  5.198 %) | 0.083051s (  6.047 %) |        90
 tra_ldf      | 0.068354s (  4.976 %) | 0.068354s (  4.976 %) |        90
 ldf_slp      | 0.051262s (  3.732 %) | 0.091989s (  6.697 %) |        90
 rab_3d       | 0.049951s (  3.637 %) | 0.049951s (  3.637 %) |       180
 dyn_vor_3D   | 0.046752s (  3.404 %) | 0.046752s (  3.404 %) |       270
 dyn_zdf      | 0.043633s (  3.177 %) | 0.043633s (  3.177 %) |        90
 eos-pot      | 0.042694s (  3.108 %) | 0.042694s (  3.108 %) |       270
 tra_adv      | 0.041880s (  3.049 %) | 0.041925s (  3.052 %) |       270
 tra_adv_trp  | 0.040260s (  2.931 %) | 0.080126s (  5.834 %) |       270
 div_hor      | 0.039971s (  2.910 %) | 0.039971s (  2.910 %) |       540
 dyn_ldf      | 0.038568s (  2.808 %) | 0.038568s (  2.808 %) |       180
 tra_zdf      | 0.025838s (  1.881 %) | 0.025838s (  1.881 %) |        90
 eos-insitu   | 0.024140s (  1.758 %) | 0.024140s (  1.758 %) |       180
 dyn_hpg      | 0.023363s (  1.701 %) | 0.023363s (  1.701 %) |       270
 stp_ctl      | 0.019764s (  1.439 %) | 0.019764s (  1.439 %) |        90
 wzv          | 0.017568s (  1.279 %) | 0.057539s (  4.189 %) |       540
 dyn_zad      | 0.012351s (  0.899 %) | 0.012351s (  0.899 %) |       270
 stp          | 0.010603s (  0.772 %) | 1.373492s ( 99.997 %) |        90
 dyn_keg      | 0.009663s (  0.704 %) | 0.009663s (  0.704 %) |       270
 bn2          | 0.008090s (  0.589 %) | 0.008090s (  0.589 %) |       180
 stp_2D       | 0.003661s (  0.267 %) | 0.418141s ( 30.443 %) |        90
 tra_qsr      | 0.002284s (  0.166 %) | 0.002284s (  0.166 %) |        90
 sbc          | 0.001104s (  0.080 %) | 0.004855s (  0.353 %) |        90
WARNING: timings below are smaller than the estimation of the timing itself: .000790s
 bbl          | 0.000697s (  0.051 %) | 0.001036s (  0.075 %) |        90
 tra_sbc      | 0.000433s (  0.032 %) | 0.000433s (  0.032 %) |       270
 rab_2d       | 0.000339s (  0.025 %) | 0.000339s (  0.025 %) |        90
 dia_ar5      | 0.000302s (  0.022 %) | 0.000310s (  0.023 %) |        90
 tra_bbl      | 0.000264s (  0.019 %) | 0.000274s (  0.020 %) |        90
 day          | 0.000204s (  0.015 %) | 0.000204s (  0.015 %) |        90
 tra_bbc      | 0.000161s (  0.012 %) | 0.000164s (  0.012 %) |        90
 dyn_adv      | 0.000158s (  0.012 %) | 0.014615s (  1.064 %) |       180
 eos_pt_from_ | 0.000131s (  0.010 %) | 0.000131s (  0.010 %) |        90
 iom_put      | 0.000112s (  0.008 %) | 0.000112s (  0.008 %) |      2430
 step         | 0.000045s (  0.003 %) | 1.373537s (100.000 %) |        90
 
   ======================================================================
 
 
